<?xml version="1.0" encoding="UTF-8"?>
<!-- Generated by org.testng.reporters.JUnitReportReporter -->
<testsuite hostname="EliteBook8470p" failures="0" tests="5" name="pl.traineeship.autoqa.lesson11.parallelismus.ParallelClass1" time="10.063" errors="0" timestamp="2024-03-01T15:07:54 GMT+01:00" skipped="0">
  <testcase classname="pl.traineeship.autoqa.lesson11.parallelismus.ParallelClass1" name="parallel5" time="2.008"/>
  <testcase classname="pl.traineeship.autoqa.lesson11.parallelismus.ParallelClass1" name="parallel1" time="2.023"/>
  <testcase classname="pl.traineeship.autoqa.lesson11.parallelismus.ParallelClass1" name="parallel2" time="2.007"/>
  <testcase classname="pl.traineeship.autoqa.lesson11.parallelismus.ParallelClass1" name="parallel4" time="2.010"/>
  <testcase classname="pl.traineeship.autoqa.lesson11.parallelismus.ParallelClass1" name="parallel3" time="2.015"/>
</testsuite> <!-- pl.traineeship.autoqa.lesson11.parallelismus.ParallelClass1 -->
