<?xml version="1.0" encoding="UTF-8"?>
<!-- Generated by org.testng.reporters.JUnitReportReporter -->
<testsuite hostname="EliteBook8470p" failures="0" tests="3" name="pl.traineeship.autoqa.lesson11.LoginDataProviderTest" time="6.641" errors="0" timestamp="2024-03-01T15:16:39 GMT+01:00" skipped="0">
  <testcase classname="pl.traineeship.autoqa.lesson11.LoginDataProviderTest" name="testLogin" time="2.176"/>
  <testcase classname="pl.traineeship.autoqa.lesson11.LoginDataProviderTest" name="testLogin" time="2.231"/>
  <testcase classname="pl.traineeship.autoqa.lesson11.LoginDataProviderTest" name="testLogin" time="2.234"/>
</testsuite> <!-- pl.traineeship.autoqa.lesson11.LoginDataProviderTest -->
