<?xml version="1.0" encoding="UTF-8"?>
<!-- Generated by org.testng.reporters.JUnitReportReporter -->
<testsuite hostname="EliteBook8470p" failures="0" tests="3" name="pl.traineeship.autoqa.lesson11.LoginParametersTest" time="6.606" errors="0" timestamp="2024-03-01T15:18:24 GMT+01:00" skipped="0">
  <testcase classname="pl.traineeship.autoqa.lesson11.LoginParametersTest" name="testLogin" time="2.202"/>
  <testcase classname="pl.traineeship.autoqa.lesson11.LoginParametersTest" name="testLogin" time="2.167"/>
  <testcase classname="pl.traineeship.autoqa.lesson11.LoginParametersTest" name="testLogin" time="2.237"/>
</testsuite> <!-- pl.traineeship.autoqa.lesson11.LoginParametersTest -->
