<?xml version="1.0" encoding="UTF-8"?>
<!-- Generated by org.testng.reporters.JUnitReportReporter -->
<testsuite hostname="EliteBook8470p" failures="0" tests="5" name="pl.traineeship.autoqa.lesson11.parallelismus.ParallelClass2" time="10.075" errors="0" timestamp="2024-03-01T15:07:54 GMT+01:00" skipped="0">
  <testcase classname="pl.traineeship.autoqa.lesson11.parallelismus.ParallelClass2" name="parallel6" time="2.013"/>
  <testcase classname="pl.traineeship.autoqa.lesson11.parallelismus.ParallelClass2" name="parallel8" time="2.008"/>
  <testcase classname="pl.traineeship.autoqa.lesson11.parallelismus.ParallelClass2" name="parallel9" time="2.007"/>
  <testcase classname="pl.traineeship.autoqa.lesson11.parallelismus.ParallelClass2" name="parallel10" time="2.033"/>
  <testcase classname="pl.traineeship.autoqa.lesson11.parallelismus.ParallelClass2" name="parallel7" time="2.014"/>
</testsuite> <!-- pl.traineeship.autoqa.lesson11.parallelismus.ParallelClass2 -->
