<?xml version="1.0" encoding="UTF-8"?>
<!-- Generated by org.testng.reporters.JUnitReportReporter -->
<testsuite hostname="EliteBook8470p" failures="0" tests="7" name="pl.traineeship.autoqa.lesson11.priority.Priority2" time="0.041" errors="0" timestamp="2024-03-01T14:07:32 GMT+01:00" skipped="0">
  <testcase classname="pl.traineeship.autoqa.lesson11.priority.Priority2" name="a" time="0.006"/>
  <testcase classname="pl.traineeship.autoqa.lesson11.priority.Priority2" name="e" time="0.007"/>
  <testcase classname="pl.traineeship.autoqa.lesson11.priority.Priority2" name="d" time="0.002"/>
  <testcase classname="pl.traineeship.autoqa.lesson11.priority.Priority2" name="c" time="0.003"/>
  <testcase classname="pl.traineeship.autoqa.lesson11.priority.Priority2" name="g" time="0.016"/>
  <testcase classname="pl.traineeship.autoqa.lesson11.priority.Priority2" name="f" time="0.003"/>
  <testcase classname="pl.traineeship.autoqa.lesson11.priority.Priority2" name="b" time="0.004"/>
</testsuite> <!-- pl.traineeship.autoqa.lesson11.priority.Priority2 -->
