<?xml version="1.0" encoding="UTF-8"?>
<!-- Generated by org.testng.reporters.JUnitReportReporter -->
<testsuite hostname="EliteBook8470p" failures="0" tests="8" name="pl.traineeship.autoqa.lesson11.grouping.Groups" time="0.041" errors="0" timestamp="2024-03-01T14:44:55 GMT+01:00" skipped="0">
  <testcase classname="pl.traineeship.autoqa.lesson11.grouping.Groups" name="one" time="0.017"/>
  <testcase classname="pl.traineeship.autoqa.lesson11.grouping.Groups" name="two" time="0.002"/>
  <testcase classname="pl.traineeship.autoqa.lesson11.grouping.Groups" name="four" time="0.005"/>
  <testcase classname="pl.traineeship.autoqa.lesson11.grouping.Groups" name="three" time="0.004"/>
  <testcase classname="pl.traineeship.autoqa.lesson11.grouping.Groups" name="six" time="0.003"/>
  <testcase classname="pl.traineeship.autoqa.lesson11.grouping.Groups" name="five" time="0.005"/>
  <testcase classname="pl.traineeship.autoqa.lesson11.grouping.Groups" name="seven" time="0.002"/>
  <testcase classname="pl.traineeship.autoqa.lesson11.grouping.Groups" name="eight" time="0.003"/>
</testsuite> <!-- pl.traineeship.autoqa.lesson11.grouping.Groups -->
