<?xml version="1.0" encoding="UTF-8"?>
<!-- Generated by org.testng.reporters.JUnitReportReporter -->
<testsuite hostname="EliteBook8470p" failures="0" tests="7" name="pl.traineeship.autoqa.lesson11.priority.Priority1" time="0.068" errors="0" timestamp="2024-03-01T14:00:50 GMT+01:00" skipped="0">
  <testcase classname="pl.traineeship.autoqa.lesson11.priority.Priority1" name="g" time="0.027"/>
  <testcase classname="pl.traineeship.autoqa.lesson11.priority.Priority1" name="f" time="0.005"/>
  <testcase classname="pl.traineeship.autoqa.lesson11.priority.Priority1" name="e" time="0.007"/>
  <testcase classname="pl.traineeship.autoqa.lesson11.priority.Priority1" name="d" time="0.004"/>
  <testcase classname="pl.traineeship.autoqa.lesson11.priority.Priority1" name="c" time="0.010"/>
  <testcase classname="pl.traineeship.autoqa.lesson11.priority.Priority1" name="b" time="0.007"/>
  <testcase classname="pl.traineeship.autoqa.lesson11.priority.Priority1" name="a" time="0.008"/>
</testsuite> <!-- pl.traineeship.autoqa.lesson11.priority.Priority1 -->
